SF:lib/src/chat.dart
DA:21,1
DA:28,1
DA:30,1
DA:32,1
DA:33,0
DA:37,1
DA:53,1
DA:59,2
DA:62,1
DA:63,1
DA:65,1
DA:66,1
DA:70,1
DA:71,1
DA:75,1
DA:76,1
DA:80,1
DA:81,2
DA:90,1
DA:92,1
DA:93,2
DA:94,2
DA:95,2
DA:96,2
DA:97,1
DA:98,2
DA:99,1
DA:100,4
DA:101,1
DA:102,0
DA:107,1
DA:108,1
DA:109,3
DA:110,1
DA:111,1
DA:112,2
DA:115,3
DA:116,1
DA:117,4
DA:119,1
LF:40
LH:38
end_of_record
SF:lib/src/theme/chat_theme.dart
DA:32,2
LF:1
LH:1
end_of_record
SF:lib/src/chat-message-list-items/carousel_widget.dart
DA:14,1
DA:16,4
DA:18,1
DA:19,1
DA:21,1
DA:23,1
DA:24,2
DA:25,4
DA:26,1
DA:27,1
DA:33,1
DA:34,1
DA:35,2
DA:36,1
DA:38,1
DA:39,1
DA:40,1
DA:41,1
DA:42,1
DA:43,1
DA:44,1
DA:45,2
DA:46,3
DA:47,1
DA:48,1
DA:49,2
DA:51,3
DA:52,1
DA:53,1
DA:54,1
DA:55,1
DA:56,1
DA:57,3
DA:58,2
DA:59,2
DA:62,1
DA:63,1
DA:68,1
DA:70,1
DA:71,1
DA:72,4
LF:41
LH:41
end_of_record
SF:lib/src/protocols/has_avatar.dart
DA:7,8
DA:9,2
DA:10,4
DA:12,6
DA:14,8
DA:16,4
DA:17,2
DA:18,2
DA:19,2
DA:20,2
DA:21,6
DA:23,2
DA:24,2
LF:13
LH:13
end_of_record
SF:lib/src/extensions/theme_context.dart
DA:7,3
LF:1
LH:1
end_of_record
SF:lib/src/chat-message-list-items/html_widget.dart
DA:12,1
DA:14,1
DA:16,2
DA:17,1
DA:18,1
DA:19,1
DA:20,2
DA:21,1
DA:22,3
DA:25,3
LF:10
LH:10
end_of_record
SF:lib/src/chat-message-list-items/image_widget.dart
DA:12,1
DA:14,1
DA:15,1
DA:16,2
DA:17,1
DA:18,1
DA:19,1
DA:23,1
DA:24,1
DA:26,2
DA:27,1
DA:28,1
DA:29,1
DA:33,2
DA:34,4
DA:35,1
DA:38,1
DA:40,4
DA:42,1
DA:43,1
DA:44,1
DA:45,4
DA:48,1
DA:49,1
LF:24
LH:24
end_of_record
SF:lib/src/chat-message-list-items/quick_reply_widget.dart
DA:11,1
DA:13,1
DA:15,1
DA:17,1
DA:18,1
DA:21,1
DA:22,3
DA:23,3
DA:24,2
DA:25,2
DA:26,1
DA:28,2
DA:30,1
LF:13
LH:13
end_of_record
SF:lib/src/chat-message-list-items/text_widget.dart
DA:13,1
DA:15,1
DA:16,1
DA:17,2
DA:18,1
DA:19,1
DA:20,1
DA:21,1
DA:25,1
DA:26,1
DA:28,2
DA:29,1
DA:31,1
DA:32,1
DA:36,1
DA:37,1
DA:38,1
DA:39,1
DA:40,3
DA:41,3
DA:42,1
DA:43,1
DA:45,1
DA:47,1
DA:49,4
DA:51,1
DA:53,1
DA:54,3
DA:56,2
DA:57,1
DA:58,1
DA:59,2
DA:61,1
DA:64,1
DA:65,2
DA:66,1
DA:67,1
DA:69,1
DA:70,1
LF:39
LH:39
end_of_record
SF:lib/src/extensions/keys.dart
DA:12,2
LF:1
LH:1
end_of_record
SF:lib/src/inherited_chat_theme.dart
DA:7,1
DA:11,1
DA:16,1
DA:17,1
DA:20,1
DA:22,5
LF:6
LH:6
end_of_record
SF:lib/src/theme/default_theme.dart
DA:7,2
DA:9,1
DA:12,1
DA:15,1
DA:18,1
DA:21,1
DA:30,1
DA:39,1
DA:42,1
DA:45,1
DA:53,1
DA:60,1
DA:63,1
DA:64,1
DA:65,1
DA:66,1
DA:67,1
DA:76,1
DA:78,1
DA:81,1
DA:84,1
DA:87,1
DA:90,1
DA:99,1
DA:108,1
DA:111,1
DA:114,0
DA:122,0
DA:129,0
DA:132,0
DA:133,0
DA:134,0
DA:135,0
DA:136,0
LF:34
LH:26
end_of_record
SF:lib/src/chat_list_item.dart
DA:15,1
DA:19,1
DA:20,2
DA:21,3
DA:22,3
DA:23,3
DA:24,3
DA:27,1
DA:28,3
DA:29,2
DA:30,3
DA:31,2
DA:32,4
DA:33,2
DA:34,3
DA:35,2
DA:36,4
DA:37,2
LF:18
LH:18
end_of_record
SF:lib/src/message_cell_size_configurator.dart
DA:12,1
DA:17,3
DA:18,2
DA:19,2
LF:4
LH:4
end_of_record
SF:lib/src/chat_input_field.dart
DA:7,2
DA:13,1
DA:15,1
DA:19,1
DA:20,1
DA:21,1
DA:22,1
DA:23,1
DA:24,1
DA:38,0
DA:39,0
DA:40,0
DA:44,1
DA:45,1
DA:48,1
DA:49,1
DA:56,2
DA:57,1
DA:58,3
DA:59,2
LF:20
LH:17
end_of_record
