SF:lib/src/chat-message-list-items/carousel_widget.dart
DA:14,0
DA:16,0
DA:18,0
DA:19,0
DA:21,0
DA:23,0
DA:24,0
DA:25,0
DA:26,0
DA:27,0
DA:33,0
DA:34,0
DA:35,0
DA:36,0
DA:38,0
DA:39,0
DA:40,0
DA:41,0
DA:42,0
DA:43,0
DA:44,0
DA:45,0
DA:46,0
DA:47,0
DA:48,0
DA:49,0
DA:51,0
DA:52,0
DA:53,0
DA:54,0
DA:55,0
DA:56,0
DA:57,0
DA:58,0
DA:59,0
DA:62,0
DA:63,0
DA:68,0
DA:70,0
DA:71,0
DA:72,0
LF:41
LH:0
end_of_record
SF:lib/src/protocols/has_avatar.dart
DA:7,0
DA:9,0
DA:10,0
DA:12,0
DA:14,0
DA:16,0
DA:17,0
DA:18,0
DA:19,0
DA:20,0
DA:21,0
DA:23,0
DA:24,0
LF:13
LH:0
end_of_record
SF:lib/src/chat.dart
DA:21,1
DA:28,1
DA:30,0
DA:32,0
DA:33,0
DA:37,0
DA:53,1
DA:60,1
DA:61,1
DA:63,0
DA:64,0
DA:68,0
DA:69,0
DA:73,0
DA:74,0
DA:78,0
DA:79,0
DA:88,1
DA:90,1
DA:91,2
DA:92,2
DA:93,2
DA:94,2
DA:95,1
DA:96,2
DA:97,1
DA:98,4
DA:99,1
DA:100,0
DA:105,1
DA:106,1
DA:107,3
DA:108,1
DA:109,1
DA:110,2
DA:113,3
DA:114,0
DA:115,0
DA:117,1
LF:39
LH:24
end_of_record
SF:lib/src/extensions/theme_context.dart
DA:7,0
LF:1
LH:0
end_of_record
SF:lib/src/chat-message-list-items/html_widget.dart
DA:12,0
DA:14,0
DA:16,0
DA:17,0
DA:18,0
DA:19,0
DA:20,0
DA:21,0
DA:22,0
DA:25,0
LF:10
LH:0
end_of_record
SF:lib/src/chat-message-list-items/image_widget.dart
DA:12,0
DA:14,0
DA:15,0
DA:16,0
DA:17,0
DA:18,0
DA:19,0
DA:23,0
DA:24,0
DA:26,0
DA:27,0
DA:28,0
DA:29,0
DA:33,0
DA:34,0
DA:35,0
DA:38,0
DA:40,0
DA:42,0
DA:43,0
DA:44,0
DA:45,0
DA:48,0
DA:49,0
LF:24
LH:0
end_of_record
SF:lib/src/protocols/incoming_outgoing_message_widgets.dart
DA:4,0
DA:5,0
DA:8,0
DA:9,0
LF:4
LH:0
end_of_record
SF:lib/src/chat-message-list-items/quick_reply_widget.dart
DA:11,0
DA:13,0
DA:15,0
DA:17,0
DA:18,0
DA:21,0
DA:22,0
DA:23,0
DA:24,0
DA:25,0
DA:26,0
DA:27,0
DA:28,0
DA:30,0
LF:14
LH:0
end_of_record
SF:lib/src/chat-message-list-items/text_widget.dart
DA:13,0
DA:15,0
DA:16,0
DA:17,0
DA:18,0
DA:19,0
DA:20,0
DA:21,0
DA:25,0
DA:26,0
DA:28,0
DA:29,0
DA:31,0
DA:32,0
DA:36,0
DA:37,0
DA:38,0
DA:39,0
DA:40,0
DA:41,0
DA:42,0
DA:43,0
DA:45,0
DA:47,0
DA:49,0
DA:51,0
DA:53,0
DA:54,0
DA:56,0
DA:57,0
DA:58,0
DA:59,0
DA:61,0
DA:64,0
DA:65,0
DA:66,0
DA:67,0
DA:69,0
DA:70,0
LF:39
LH:0
end_of_record
SF:lib/src/extensions/keys.dart
DA:11,2
LF:1
LH:1
end_of_record
SF:lib/src/inherited_chat_theme.dart
DA:7,1
DA:11,1
DA:16,0
DA:17,0
DA:20,0
DA:22,0
LF:6
LH:2
end_of_record
SF:lib/src/theme/chat_theme.dart
DA:32,1
LF:1
LH:1
end_of_record
SF:lib/src/theme/default_theme.dart
DA:7,1
DA:9,0
DA:12,0
DA:15,0
DA:18,0
DA:21,0
DA:30,0
DA:39,0
DA:42,0
DA:45,0
DA:53,0
DA:60,0
DA:63,0
DA:64,0
DA:65,0
DA:66,0
DA:67,0
DA:76,1
DA:78,1
DA:81,0
DA:84,0
DA:87,0
DA:90,0
DA:99,0
DA:108,0
DA:111,0
DA:114,0
DA:122,0
DA:129,0
DA:132,0
DA:133,0
DA:134,0
DA:135,0
DA:136,0
LF:34
LH:3
end_of_record
SF:lib/src/chat_list_item.dart
DA:15,0
DA:19,0
DA:20,0
DA:21,0
DA:22,0
DA:23,0
DA:24,0
DA:27,0
DA:28,0
DA:29,0
DA:30,0
DA:31,0
DA:32,0
DA:33,0
DA:34,0
DA:35,0
DA:36,0
DA:37,0
LF:18
LH:0
end_of_record
SF:lib/src/message_cell_size_configurator.dart
DA:12,1
DA:17,3
DA:18,0
DA:19,0
LF:4
LH:2
end_of_record
SF:lib/src/chat_input_field.dart
DA:7,2
DA:13,1
DA:15,1
DA:19,1
DA:20,1
DA:21,1
DA:22,1
DA:23,1
DA:24,1
DA:38,0
DA:39,0
DA:40,0
DA:44,1
DA:45,1
DA:48,1
DA:49,1
DA:56,2
DA:57,0
DA:58,0
DA:59,0
LF:20
LH:14
end_of_record
